<?xml version="1.0" encoding="UTF-8"?>
<!-- Generated by org.testng.reporters.JUnitXMLReporter -->
<testsuite ignored="0" hostname="ANUSHYA" failures="0" tests="4" name="Surefire test" time="22.775" errors="0" timestamp="2026-04-29T11:41:40 IST">
  <testcase classname="test.LoginTest" name="loginTest" time="5.257"/>
  <testcase classname="test.LoginTest" name="loginTest" time="4.786"/>
  <testcase classname="test.LoginTest" name="loginTest" time="3.215"/>
  <testcase classname="test.LoginTest" name="loginTest" time="3.768"/>
</testsuite> <!-- Surefire test -->
