<?xml version="1.0" encoding="UTF-8"?>
<testng-results ignored="0" total="1" passed="1" failed="0" skipped="0">
  <reporter-output>
  </reporter-output>
  <suite started-at="2026-04-29T11:02:30 IST" name="Surefire suite" finished-at="2026-04-29T11:02:47 IST" duration-ms="17188">
    <groups>
    </groups>
    <test started-at="2026-04-29T11:02:30 IST" name="Surefire test" finished-at="2026-04-29T11:02:47 IST" duration-ms="17188">
      <class name="test.LoginTest">
        <test-method is-config="true" signature="setup()[pri:0, instance:test.LoginTest@59d016c9]" started-at="2026-04-29T11:02:30 IST" name="setup" finished-at="2026-04-29T11:02:41 IST" duration-ms="10874" status="PASS">
          <reporter-output>
          </reporter-output>
        </test-method> <!-- setup -->
        <test-method signature="loginTest()[pri:0, instance:test.LoginTest@59d016c9]" started-at="2026-04-29T11:02:41 IST" name="loginTest" finished-at="2026-04-29T11:02:47 IST" duration-ms="5862" status="PASS">
          <reporter-output>
          </reporter-output>
        </test-method> <!-- loginTest -->
        <test-method is-config="true" signature="tearDown()[pri:0, instance:test.LoginTest@59d016c9]" started-at="2026-04-29T11:02:47 IST" name="tearDown" finished-at="2026-04-29T11:02:47 IST" duration-ms="381" status="PASS">
          <reporter-output>
          </reporter-output>
        </test-method> <!-- tearDown -->
      </class> <!-- test.LoginTest -->
    </test> <!-- Surefire test -->
  </suite> <!-- Surefire suite -->
</testng-results>
